Determining if the Q_WS_WIN exist failed with the following output:
Change Dir: /home/thep/Documents/tp_skinning/build/CMakeFiles/CMakeTmp

Run Build Command:"/usr/bin/make" "cmTC_48137/fast"
/usr/bin/make -f CMakeFiles/cmTC_48137.dir/build.make CMakeFiles/cmTC_48137.dir/build
make[1] : on entre dans le répertoire « /home/thep/Documents/tp_skinning/build/CMakeFiles/CMakeTmp »
Building CXX object CMakeFiles/cmTC_48137.dir/CheckSymbolExists.cxx.o
/usr/bin/c++   -I/usr/include/qt4   -o CMakeFiles/cmTC_48137.dir/CheckSymbolExists.cxx.o -c /home/thep/Documents/tp_skinning/build/CMakeFiles/CMakeTmp/CheckSymbolExists.cxx
/home/thep/Documents/tp_skinning/build/CMakeFiles/CMakeTmp/CheckSymbolExists.cxx: In function ‘int main(int, char**)’:
/home/thep/Documents/tp_skinning/build/CMakeFiles/CMakeTmp/CheckSymbolExists.cxx:8:19: error: ‘Q_WS_WIN’ was not declared in this scope
   return ((int*)(&Q_WS_WIN))[argc];
                   ^~~~~~~~
/home/thep/Documents/tp_skinning/build/CMakeFiles/CMakeTmp/CheckSymbolExists.cxx:8:19: note: suggested alternative: ‘Q_WS_X11’
   return ((int*)(&Q_WS_WIN))[argc];
                   ^~~~~~~~
                   Q_WS_X11
CMakeFiles/cmTC_48137.dir/build.make:65: recipe for target 'CMakeFiles/cmTC_48137.dir/CheckSymbolExists.cxx.o' failed
make[1]: *** [CMakeFiles/cmTC_48137.dir/CheckSymbolExists.cxx.o] Error 1
make[1] : on quitte le répertoire « /home/thep/Documents/tp_skinning/build/CMakeFiles/CMakeTmp »
Makefile:126: recipe for target 'cmTC_48137/fast' failed
make: *** [cmTC_48137/fast] Error 2

File /home/thep/Documents/tp_skinning/build/CMakeFiles/CMakeTmp/CheckSymbolExists.cxx:
/* */
#include <QtCore/qglobal.h>

int main(int argc, char** argv)
{
  (void)argv;
#ifndef Q_WS_WIN
  return ((int*)(&Q_WS_WIN))[argc];
#else
  (void)argc;
  return 0;
#endif
}

Determining if the Q_WS_QWS exist failed with the following output:
Change Dir: /home/thep/Documents/tp_skinning/build/CMakeFiles/CMakeTmp

Run Build Command:"/usr/bin/make" "cmTC_b043a/fast"
/usr/bin/make -f CMakeFiles/cmTC_b043a.dir/build.make CMakeFiles/cmTC_b043a.dir/build
make[1] : on entre dans le répertoire « /home/thep/Documents/tp_skinning/build/CMakeFiles/CMakeTmp »
Building CXX object CMakeFiles/cmTC_b043a.dir/CheckSymbolExists.cxx.o
/usr/bin/c++   -I/usr/include/qt4   -o CMakeFiles/cmTC_b043a.dir/CheckSymbolExists.cxx.o -c /home/thep/Documents/tp_skinning/build/CMakeFiles/CMakeTmp/CheckSymbolExists.cxx
/home/thep/Documents/tp_skinning/build/CMakeFiles/CMakeTmp/CheckSymbolExists.cxx: In function ‘int main(int, char**)’:
/home/thep/Documents/tp_skinning/build/CMakeFiles/CMakeTmp/CheckSymbolExists.cxx:8:19: error: ‘Q_WS_QWS’ was not declared in this scope
   return ((int*)(&Q_WS_QWS))[argc];
                   ^~~~~~~~
/home/thep/Documents/tp_skinning/build/CMakeFiles/CMakeTmp/CheckSymbolExists.cxx:8:19: note: suggested alternative: ‘Q_WS_X11’
   return ((int*)(&Q_WS_QWS))[argc];
                   ^~~~~~~~
                   Q_WS_X11
CMakeFiles/cmTC_b043a.dir/build.make:65: recipe for target 'CMakeFiles/cmTC_b043a.dir/CheckSymbolExists.cxx.o' failed
make[1]: *** [CMakeFiles/cmTC_b043a.dir/CheckSymbolExists.cxx.o] Error 1
make[1] : on quitte le répertoire « /home/thep/Documents/tp_skinning/build/CMakeFiles/CMakeTmp »
Makefile:126: recipe for target 'cmTC_b043a/fast' failed
make: *** [cmTC_b043a/fast] Error 2

File /home/thep/Documents/tp_skinning/build/CMakeFiles/CMakeTmp/CheckSymbolExists.cxx:
/* */
#include <QtCore/qglobal.h>

int main(int argc, char** argv)
{
  (void)argv;
#ifndef Q_WS_QWS
  return ((int*)(&Q_WS_QWS))[argc];
#else
  (void)argc;
  return 0;
#endif
}

Determining if the Q_WS_MAC exist failed with the following output:
Change Dir: /home/thep/Documents/tp_skinning/build/CMakeFiles/CMakeTmp

Run Build Command:"/usr/bin/make" "cmTC_1e072/fast"
/usr/bin/make -f CMakeFiles/cmTC_1e072.dir/build.make CMakeFiles/cmTC_1e072.dir/build
make[1] : on entre dans le répertoire « /home/thep/Documents/tp_skinning/build/CMakeFiles/CMakeTmp »
Building CXX object CMakeFiles/cmTC_1e072.dir/CheckSymbolExists.cxx.o
/usr/bin/c++   -I/usr/include/qt4   -o CMakeFiles/cmTC_1e072.dir/CheckSymbolExists.cxx.o -c /home/thep/Documents/tp_skinning/build/CMakeFiles/CMakeTmp/CheckSymbolExists.cxx
/home/thep/Documents/tp_skinning/build/CMakeFiles/CMakeTmp/CheckSymbolExists.cxx: In function ‘int main(int, char**)’:
/home/thep/Documents/tp_skinning/build/CMakeFiles/CMakeTmp/CheckSymbolExists.cxx:8:19: error: ‘Q_WS_MAC’ was not declared in this scope
   return ((int*)(&Q_WS_MAC))[argc];
                   ^~~~~~~~
/home/thep/Documents/tp_skinning/build/CMakeFiles/CMakeTmp/CheckSymbolExists.cxx:8:19: note: suggested alternative: ‘Q_WS_X11’
   return ((int*)(&Q_WS_MAC))[argc];
                   ^~~~~~~~
                   Q_WS_X11
CMakeFiles/cmTC_1e072.dir/build.make:65: recipe for target 'CMakeFiles/cmTC_1e072.dir/CheckSymbolExists.cxx.o' failed
make[1]: *** [CMakeFiles/cmTC_1e072.dir/CheckSymbolExists.cxx.o] Error 1
make[1] : on quitte le répertoire « /home/thep/Documents/tp_skinning/build/CMakeFiles/CMakeTmp »
Makefile:126: recipe for target 'cmTC_1e072/fast' failed
make: *** [cmTC_1e072/fast] Error 2

File /home/thep/Documents/tp_skinning/build/CMakeFiles/CMakeTmp/CheckSymbolExists.cxx:
/* */
#include <QtCore/qglobal.h>

int main(int argc, char** argv)
{
  (void)argv;
#ifndef Q_WS_MAC
  return ((int*)(&Q_WS_MAC))[argc];
#else
  (void)argc;
  return 0;
#endif
}

